2017-58-03 08:58:23.307 [main] DEBUG bank.BankImpl - Creating new account (name: a1 address: a1)
2017-58-03 08:58:23.322 [main] DEBUG bank.BankImpl - Creating new account (name: a2 address: a2)
2017-58-03 08:58:23.322 [main] DEBUG bank.BankImpl - Creating new account (name: nowe address: adres1)
2017-58-03 08:58:23.322 [main] DEBUG bank.BankImpl - Creating new account (name: t1 address: t2)
2017-58-03 08:58:23.322 [main] DEBUG bank.BankImpl - Creating new account (name: wtest address: wtest)
2017-58-03 08:58:23.322 [main] DEBUG bank.BankImpl - Creating new account (name: t1 address: t2)
2017-58-03 08:58:23.322 [main] DEBUG bank.BankImpl - Creating new account (name: nowe address: adres1)
2017-58-03 08:58:23.322 [main] DEBUG bank.BankImpl - Creating new account (name: nowe1 address: nowe2)
2017-58-03 08:58:23.322 [main] DEBUG bank.BankImpl - Creating new account (name: c1 address: c2)
2017-03-03 09:03:01.927 [main] DEBUG bank.BankImpl - Creating new account (name: a1 address: a1)
2017-03-03 09:03:01.927 [main] DEBUG bank.BankImpl - Creating new account (name: a2 address: a2)
2017-03-03 09:03:01.927 [main] DEBUG bank.BankImpl - Creating new account (name: nowe address: adres1)
2017-03-03 09:03:01.927 [main] DEBUG bank.BankImpl - Creating new account (name: t1 address: t2)
2017-03-03 09:03:01.927 [main] DEBUG bank.BankImpl - Creating new account (name: wtest address: wtest)
2017-03-03 09:03:01.927 [main] DEBUG bank.BankImpl - Creating new account (name: t1 address: t2)
2017-03-03 09:03:01.927 [main] DEBUG bank.BankImpl - Creating new account (name: nowe address: adres1)
2017-03-03 09:03:01.927 [main] DEBUG bank.BankImpl - Creating new account (name: nowe1 address: nowe2)
2017-03-03 09:03:01.927 [main] DEBUG bank.BankImpl - Creating new account (name: c1 address: c2)
2017-52-07 23:52:19.900 [main] ERROR bank.BankImpl - Konto o id: 1000 nie istnieje ! Nie można pobrać stanu.
2017-04-08 00:04:49.831 [main] ERROR bank.BankImpl - Konto o id: 1000 nie istnieje ! Nie można pobrać stanu.
2017-04-08 00:04:49.831 [main] ERROR bank.BankImpl - Konto o id: 1 nie ma wystarczajacych środków aby wypłacić kwotę: 500.0
2017-04-08 00:04:49.849 [main] ERROR bank.BankImpl - Konto o id : 2 nie istnieje. Nie można złożyć depozytu.
2017-05-08 00:05:58.308 [main] ERROR bank.BankImpl - Konto o id: 1000 nie istnieje ! Nie można pobrać stanu.
2017-05-08 00:05:58.310 [main] ERROR bank.BankImpl - Konto o id: 1 nie ma wystarczajacych środków aby wypłacić kwotę: 500.0
2017-05-08 00:05:58.315 [main] ERROR bank.BankImpl - Konto o id : 2 nie istnieje. Nie można złożyć depozytu.
2017-06-08 00:06:33.432 [main] ERROR bank.BankImpl - Konto o id: 1000 nie istnieje ! Nie można pobrać stanu.
2017-06-08 00:06:33.432 [main] ERROR bank.BankImpl - Konto o id: 1 nie ma wystarczajacych środków aby wypłacić kwotę: 500.0
2017-06-08 00:06:33.432 [main] ERROR bank.BankImpl - Konto o id : 2 nie istnieje. Nie można złożyć depozytu.
2017-18-08 00:18:54.555 [main] ERROR app.Main - Proszę wybrać liczbę !
2017-23-08 00:23:17.160 [main] INFO  app.Main - Poprawnie zakończono działanie programu
2017-23-08 00:23:26.693 [main] INFO  app.Main - Poprawnie zakończono działanie programu
2017-27-08 00:27:59.616 [main] INFO  bank.BankImpl - Tworzenie nowego konta (nazwa: testowe adres: trestowe)
2017-28-08 00:28:20.796 [main] INFO  bank.BankImpl - Tworzenie nowego konta (nazwa: Testowe adres: Adres)
2017-30-08 00:30:23.698 [main] INFO  bank.BankImpl - Tworzenie nowego konta (nazwa: t1 adres: t2) z id: 1
2017-30-08 00:30:34.549 [main] INFO  app.Main - Nazwa konta i adres muszą być wypełnione
2017-30-08 00:30:39.496 [main] INFO  bank.BankImpl - Tworzenie nowego konta (nazwa: abc adres: def) z id: 2
2017-30-08 00:30:42.311 [main] INFO  app.Main - Poprawnie zakończono działanie programu
